<?xml version="1.0" encoding="UTF-8"?>
<!-- Generated by org.testng.reporters.JUnitReportReporter -->
<testsuite skipped="0" hostname="192-168-1-104.tpgi.com.au" name="com.automationTest.AddToWishListTestCase" tests="1" failures="0" timestamp="2019-11-18T11:04:19 AEDT" time="15.923" errors="0">
  <testcase name="addToWishlist" time="15.923" classname="com.automationTest.AddToWishListTestCase"/>
</testsuite> <!-- com.automationTest.AddToWishListTestCase -->
