<?xml version="1.0" encoding="UTF-8"?>
<!-- Generated by org.testng.reporters.JUnitReportReporter -->
<testsuite hostname="192-168-1-104.tpgi.com.au" name="com.automationTest.AddToWishListTestCase" tests="1" failures="0" timestamp="18 Nov 2019 00:05:46 GMT" time="16.500" errors="0">
  <testcase name="addToWishlist" time="16.500" classname="com.automationTest.AddToWishListTestCase"/>
</testsuite> <!-- com.automationTest.AddToWishListTestCase -->
